2026-04-26 17:21:21,828 - apscheduler.scheduler - INFO - Adding job tentatively -- it will be properly scheduled when the scheduler starts
2026-04-26 17:21:21,829 - root - INFO - Sistema de automatizaci鏮 iniciado. Pr闛ima ejecuci鏮 en 15 min.
2026-04-26 17:21:21,830 - root - INFO - --- INICIANDO ACTUALIZACI粍 PROGRAMADA ---
2026-04-26 17:27:40,417 - apscheduler.scheduler - INFO - Adding job tentatively -- it will be properly scheduled when the scheduler starts
2026-04-26 17:27:40,418 - root - INFO - Sistema de automatizaci鏮 iniciado. Pr闛ima ejecuci鏮 en 15 min.
2026-04-26 17:27:40,419 - root - INFO - --- INICIANDO ACTUALIZACI粍 PROGRAMADA ---
2026-04-26 17:36:02,409 - apscheduler.scheduler - INFO - Adding job tentatively -- it will be properly scheduled when the scheduler starts
2026-04-26 17:36:02,412 - root - INFO - Sistema de automatizaci鏮 iniciado. Pr闛ima ejecuci鏮 en 15 min.
2026-04-26 17:36:02,413 - root - INFO - --- INICIANDO ACTUALIZACI粍 PROGRAMADA ---
2026-04-26 17:36:03,397 - root - INFO - Datos recibidos para Toledo: Temp 26.1蚓, Hum 21%
2026-04-26 17:36:04,148 - root - INFO - Datos recibidos para Ciudad Real: Temp 24.5蚓, Hum 24%
2026-04-26 17:36:04,852 - root - INFO - Datos recibidos para Albacete: Temp 23.0蚓, Hum 16%
2026-04-26 17:36:05,530 - root - INFO - Datos recibidos para Guadalajara: Temp 25.1蚓, Hum 27%
2026-04-26 17:36:06,231 - root - INFO - Datos recibidos para Cuenca: Temp 22.5蚓, Hum 31%
2026-04-26 17:36:06,235 - apscheduler.scheduler - INFO - Added job "job_update_weather" to job store "default"
2026-04-26 17:36:06,236 - apscheduler.scheduler - INFO - Scheduler started
2026-04-26 17:43:55,453 - root - WARNING - Automatizaci鏮 detenida manualmente.
2026-04-26 17:44:01,726 - apscheduler.scheduler - INFO - Adding job tentatively -- it will be properly scheduled when the scheduler starts
2026-04-26 17:44:01,727 - root - INFO - Automation system started. Next execution in 15 min.
2026-04-26 17:44:01,727 - root - INFO - --- STARTING SCHEDULED UPDATE---
2026-04-26 17:44:02,900 - root - INFO - Data received for Toledo: Temp 26.1蚓, Hum 21%
2026-04-26 17:44:03,633 - root - INFO - Data received for Ciudad Real: Temp 24.5蚓, Hum 24%
2026-04-26 17:44:04,352 - root - INFO - Data received for Albacete: Temp 23.0蚓, Hum 16%
2026-04-26 17:44:05,124 - root - INFO - Data received for Guadalajara: Temp 25.1蚓, Hum 27%
2026-04-26 17:44:05,812 - root - INFO - Data received for Cuenca: Temp 22.5蚓, Hum 31%
2026-04-26 17:44:05,815 - apscheduler.scheduler - INFO - Added job "job_update_weather" to job store "default"
2026-04-26 17:44:05,815 - apscheduler.scheduler - INFO - Scheduler started
2026-04-26 17:59:01,897 - apscheduler.executors.default - INFO - Running job "job_update_weather (trigger: interval[0:15:00], next run at: 2026-04-26 18:14:01 CEST)" (scheduled at 2026-04-26 17:59:01.726291+02:00)
2026-04-26 17:59:01,925 - root - INFO - --- STARTING SCHEDULED UPDATE---
2026-04-26 17:59:03,651 - root - INFO - Data received for Toledo: Temp 26.1蚓, Hum 18%
2026-04-26 17:59:04,648 - root - INFO - Data received for Ciudad Real: Temp 24.5蚓, Hum 22%
2026-04-26 17:59:05,398 - root - INFO - Data received for Albacete: Temp 22.8蚓, Hum 15%
2026-04-26 17:59:06,264 - root - INFO - Data received for Guadalajara: Temp 25.1蚓, Hum 29%
2026-04-26 17:59:07,012 - root - INFO - Data received for Cuenca: Temp 22.3蚓, Hum 31%
2026-04-26 17:59:07,013 - apscheduler.executors.default - INFO - Job "job_update_weather (trigger: interval[0:15:00], next run at: 2026-04-26 18:14:01 CEST)" executed successfully
2026-04-26 18:06:42,402 - root - WARNING - Automation stopped manually by user.
2026-04-26 18:06:46,439 - apscheduler.scheduler - INFO - Adding job tentatively -- it will be properly scheduled when the scheduler starts
2026-04-26 18:06:46,440 - root - INFO - Automation system started. Next execution in 15 min.
2026-04-26 18:06:46,440 - root - INFO - --- STARTING SCHEDULED UPDATE---
2026-04-26 18:06:47,285 - root - INFO - Data received for Toledo: Temp 26.1蚓, Hum 17%
2026-04-26 18:06:47,982 - root - INFO - Data received for Ciudad Real: Temp 24.5蚓, Hum 22%
2026-04-26 18:06:48,694 - root - INFO - Data received for Albacete: Temp 22.7蚓, Hum 15%
2026-04-26 18:06:49,619 - root - INFO - Data received for Guadalajara: Temp 25.0蚓, Hum 29%
2026-04-26 18:06:50,571 - root - INFO - Data received for Cuenca: Temp 22.2蚓, Hum 31%
2026-04-26 18:06:50,574 - apscheduler.scheduler - INFO - Added job "job_update_weather" to job store "default"
2026-04-26 18:06:50,574 - apscheduler.scheduler - INFO - Scheduler started
2026-04-26 18:11:24,696 - root - WARNING - Automation stopped manually by user.
2026-04-26 18:11:36,141 - apscheduler.scheduler - INFO - Adding job tentatively -- it will be properly scheduled when the scheduler starts
2026-04-26 18:11:36,142 - root - INFO - Automation system started. Next execution in 15 min.
2026-04-26 18:11:36,142 - root - INFO - --- STARTING SCHEDULED UPDATE---
2026-04-26 18:11:37,324 - root - INFO - Data received for Toledo: Temp 26.3蚓, Hum 17%
2026-04-26 18:11:38,050 - root - INFO - Data received for Ciudad Real: Temp 24.9蚓, Hum 22%
2026-04-26 18:11:38,755 - root - INFO - Data received for Albacete: Temp 23.3蚓, Hum 15%
2026-04-26 18:11:39,491 - root - INFO - Data received for Guadalajara: Temp 24.9蚓, Hum 29%
2026-04-26 18:11:40,195 - root - INFO - Data received for Cuenca: Temp 22.5蚓, Hum 31%
2026-04-26 18:11:40,204 - apscheduler.scheduler - INFO - Added job "job_update_weather" to job store "default"
2026-04-26 18:11:40,205 - apscheduler.scheduler - INFO - Scheduler started
2026-04-26 18:11:45,019 - root - WARNING - Automation stopped manually by user.
