2026-04-28 16:01:33,400 - apscheduler.scheduler - INFO - Scheduler started
2026-04-28 16:01:33,401 - root - INFO - AplicaciĂłn iniciada. MenĂş interactivo listo.
2026-04-28 16:01:54,853 - root - INFO - === INICIANDO CICLO DE ACTUALIZACIĂN ===
2026-04-28 16:01:54,853 - root - INFO - Procesando Toledo (lat=39.8581, lon=-4.0226)
2026-04-28 16:01:54,854 - api_client - INFO - Solicitando datos meteorolĂłgicos para lat=39.8581, lon=-4.0226
2026-04-28 16:01:55,053 - api_client - INFO - Datos normalizados correctamente para Toledo
2026-04-28 16:01:55,055 - root - INFO - Datos recibidos en Toledo: Temp=25.6Â°C
2026-04-28 16:01:55,055 - storage - WARNING - Archivo weather.json no encontrado. Devolviendo lista vacĂ­a.
2026-04-28 16:01:55,055 - storage - INFO - Datos guardados correctamente en weather.json. Total registros: 1
2026-04-28 16:01:55,055 - storage - INFO - Nuevo registro aĂąadido: {'date': '2026-04-28T16:01', 'city': 'Toledo', 'temp': 25.6, 'hum': 25, 'wind': 7.9, 'source': 'API_Weather_System'}
2026-04-28 16:01:55,055 - root - INFO - Guardado exitoso para Toledo: Record saved successfully.
2026-04-28 16:01:55,055 - root - INFO - Procesando Ciudad Real (lat=38.9863, lon=-3.9274)
2026-04-28 16:01:55,055 - api_client - INFO - Solicitando datos meteorolĂłgicos para lat=38.9863, lon=-3.9274
2026-04-28 16:01:55,244 - api_client - INFO - Datos normalizados correctamente para Ciudad Real
2026-04-28 16:01:55,244 - root - INFO - Datos recibidos en Ciudad Real: Temp=22.9Â°C
2026-04-28 16:01:55,244 - storage - INFO - 1 registros cargados desde weather.json.
2026-04-28 16:01:55,245 - storage - INFO - Datos guardados correctamente en weather.json. Total registros: 2
2026-04-28 16:01:55,245 - storage - INFO - Nuevo registro aĂąadido: {'date': '2026-04-28T16:01', 'city': 'Ciudad Real', 'temp': 22.9, 'hum': 45, 'wind': 7.2, 'source': 'API_Weather_System'}
2026-04-28 16:01:55,245 - root - INFO - Guardado exitoso para Ciudad Real: Record saved successfully.
2026-04-28 16:01:55,245 - root - INFO - Procesando Albacete (lat=38.9942, lon=-1.8585)
2026-04-28 16:01:55,245 - api_client - INFO - Solicitando datos meteorolĂłgicos para lat=38.9942, lon=-1.8585
2026-04-28 16:01:55,449 - api_client - INFO - Datos normalizados correctamente para Albacete
2026-04-28 16:01:55,449 - root - INFO - Datos recibidos en Albacete: Temp=20.5Â°C
2026-04-28 16:01:55,449 - storage - INFO - 2 registros cargados desde weather.json.
2026-04-28 16:01:55,449 - storage - INFO - Datos guardados correctamente en weather.json. Total registros: 3
2026-04-28 16:01:55,450 - storage - INFO - Nuevo registro aĂąadido: {'date': '2026-04-28T16:01', 'city': 'Albacete', 'temp': 20.5, 'hum': 47, 'wind': 16.3, 'source': 'API_Weather_System'}
2026-04-28 16:01:55,450 - root - INFO - Guardado exitoso para Albacete: Record saved successfully.
2026-04-28 16:01:55,450 - root - INFO - Procesando Guadalajara (lat=40.6333, lon=-3.1667)
2026-04-28 16:01:55,450 - api_client - INFO - Solicitando datos meteorolĂłgicos para lat=40.6333, lon=-3.1667
2026-04-28 16:01:55,655 - api_client - INFO - Datos normalizados correctamente para Guadalajara
2026-04-28 16:01:55,656 - root - INFO - Datos recibidos en Guadalajara: Temp=24.3Â°C
2026-04-28 16:01:55,656 - storage - INFO - 3 registros cargados desde weather.json.
2026-04-28 16:01:55,656 - storage - INFO - Datos guardados correctamente en weather.json. Total registros: 4
2026-04-28 16:01:55,656 - storage - INFO - Nuevo registro aĂąadido: {'date': '2026-04-28T16:01', 'city': 'Guadalajara', 'temp': 24.3, 'hum': 27, 'wind': 3.6, 'source': 'API_Weather_System'}
2026-04-28 16:01:55,656 - root - INFO - Guardado exitoso para Guadalajara: Record saved successfully.
2026-04-28 16:01:55,656 - root - INFO - Procesando Cuenca (lat=40.0714, lon=-2.1348)
2026-04-28 16:01:55,656 - api_client - INFO - Solicitando datos meteorolĂłgicos para lat=40.0714, lon=-2.1348
2026-04-28 16:01:55,870 - api_client - INFO - Datos normalizados correctamente para Cuenca
2026-04-28 16:01:55,871 - root - INFO - Datos recibidos en Cuenca: Temp=20.7Â°C
2026-04-28 16:01:55,871 - storage - INFO - 4 registros cargados desde weather.json.
2026-04-28 16:01:55,871 - storage - INFO - Datos guardados correctamente en weather.json. Total registros: 5
2026-04-28 16:01:55,871 - storage - INFO - Nuevo registro aĂąadido: {'date': '2026-04-28T16:01', 'city': 'Cuenca', 'temp': 20.7, 'hum': 38, 'wind': 19.0, 'source': 'API_Weather_System'}
2026-04-28 16:01:55,871 - root - INFO - Guardado exitoso para Cuenca: Record saved successfully.
2026-04-28 16:01:55,871 - root - INFO - === CICLO DE ACTUALIZACIĂN FINALIZADO ===
2026-04-28 16:04:11,484 - apscheduler.scheduler - INFO - Scheduler started
2026-04-28 16:04:11,484 - root - INFO - AplicaciĂłn iniciada. MenĂş interactivo listo.
2026-04-28 16:04:15,055 - root - INFO - === INICIANDO CICLO DE ACTUALIZACIĂN ===
2026-04-28 16:04:15,055 - root - INFO - Procesando Toledo (lat=39.8581, lon=-4.0226)
2026-04-28 16:04:15,055 - api_client - INFO - Solicitando datos meteorolĂłgicos para lat=39.8581, lon=-4.0226
2026-04-28 16:04:15,236 - api_client - INFO - Datos normalizados correctamente para Toledo
2026-04-28 16:04:15,237 - root - INFO - Datos recibidos en Toledo: Temp=25.6Â°C
2026-04-28 16:04:15,237 - storage - INFO - 5 registros cargados desde weather.json.
2026-04-28 16:04:15,237 - storage - INFO - Datos guardados correctamente en weather.json. Total registros: 6
2026-04-28 16:04:15,237 - storage - INFO - Nuevo registro aĂąadido: {'date': '2026-04-28T16:04', 'city': 'Toledo', 'temp': 25.6, 'hum': 25, 'wind': 7.9, 'source': 'API_Weather_System'}
2026-04-28 16:04:15,238 - root - INFO - Guardado exitoso para Toledo: Record saved successfully.
2026-04-28 16:04:15,238 - root - INFO - Procesando Ciudad Real (lat=38.9863, lon=-3.9274)
2026-04-28 16:04:15,238 - api_client - INFO - Solicitando datos meteorolĂłgicos para lat=38.9863, lon=-3.9274
2026-04-28 16:04:15,412 - api_client - INFO - Datos normalizados correctamente para Ciudad Real
2026-04-28 16:04:15,413 - root - INFO - Datos recibidos en Ciudad Real: Temp=22.9Â°C
2026-04-28 16:04:15,413 - storage - INFO - 6 registros cargados desde weather.json.
2026-04-28 16:04:15,413 - storage - INFO - Datos guardados correctamente en weather.json. Total registros: 7
2026-04-28 16:04:15,413 - storage - INFO - Nuevo registro aĂąadido: {'date': '2026-04-28T16:04', 'city': 'Ciudad Real', 'temp': 22.9, 'hum': 45, 'wind': 7.2, 'source': 'API_Weather_System'}
2026-04-28 16:04:15,414 - root - INFO - Guardado exitoso para Ciudad Real: Record saved successfully.
2026-04-28 16:04:15,414 - root - INFO - Procesando Albacete (lat=38.9942, lon=-1.8585)
2026-04-28 16:04:15,414 - api_client - INFO - Solicitando datos meteorolĂłgicos para lat=38.9942, lon=-1.8585
2026-04-28 16:04:15,589 - api_client - INFO - Datos normalizados correctamente para Albacete
2026-04-28 16:04:15,589 - root - INFO - Datos recibidos en Albacete: Temp=20.5Â°C
2026-04-28 16:04:15,589 - storage - INFO - 7 registros cargados desde weather.json.
2026-04-28 16:04:15,590 - storage - INFO - Datos guardados correctamente en weather.json. Total registros: 8
2026-04-28 16:04:15,590 - storage - INFO - Nuevo registro aĂąadido: {'date': '2026-04-28T16:04', 'city': 'Albacete', 'temp': 20.5, 'hum': 47, 'wind': 16.3, 'source': 'API_Weather_System'}
2026-04-28 16:04:15,590 - root - INFO - Guardado exitoso para Albacete: Record saved successfully.
2026-04-28 16:04:15,590 - root - INFO - Procesando Guadalajara (lat=40.6333, lon=-3.1667)
2026-04-28 16:04:15,590 - api_client - INFO - Solicitando datos meteorolĂłgicos para lat=40.6333, lon=-3.1667
2026-04-28 16:04:15,759 - api_client - INFO - Datos normalizados correctamente para Guadalajara
2026-04-28 16:04:15,759 - root - INFO - Datos recibidos en Guadalajara: Temp=24.3Â°C
2026-04-28 16:04:15,759 - storage - INFO - 8 registros cargados desde weather.json.
2026-04-28 16:04:15,760 - storage - INFO - Datos guardados correctamente en weather.json. Total registros: 9
2026-04-28 16:04:15,760 - storage - INFO - Nuevo registro aĂąadido: {'date': '2026-04-28T16:04', 'city': 'Guadalajara', 'temp': 24.3, 'hum': 27, 'wind': 3.6, 'source': 'API_Weather_System'}
2026-04-28 16:04:15,760 - root - INFO - Guardado exitoso para Guadalajara: Record saved successfully.
2026-04-28 16:04:15,760 - root - INFO - Procesando Cuenca (lat=40.0714, lon=-2.1348)
2026-04-28 16:04:15,760 - api_client - INFO - Solicitando datos meteorolĂłgicos para lat=40.0714, lon=-2.1348
2026-04-28 16:04:15,940 - api_client - INFO - Datos normalizados correctamente para Cuenca
2026-04-28 16:04:15,941 - root - INFO - Datos recibidos en Cuenca: Temp=20.7Â°C
2026-04-28 16:04:15,941 - storage - INFO - 9 registros cargados desde weather.json.
2026-04-28 16:04:15,941 - storage - INFO - Datos guardados correctamente en weather.json. Total registros: 10
2026-04-28 16:04:15,941 - storage - INFO - Nuevo registro aĂąadido: {'date': '2026-04-28T16:04', 'city': 'Cuenca', 'temp': 20.7, 'hum': 38, 'wind': 19.0, 'source': 'API_Weather_System'}
2026-04-28 16:04:15,941 - root - INFO - Guardado exitoso para Cuenca: Record saved successfully.
2026-04-28 16:04:15,941 - root - INFO - === CICLO DE ACTUALIZACIĂN FINALIZADO ===
2026-04-28 16:04:19,948 - storage - INFO - 10 registros cargados desde weather.json.
2026-04-28 16:25:07,592 - scheduler - INFO - Todas las tareas automĂĄticas han sido canceladas.
2026-04-28 16:25:07,593 - apscheduler.scheduler - INFO - Added job "setup_scheduler.<locals>.<lambda>" to job store "default"
2026-04-28 16:25:07,593 - scheduler - INFO - Tarea programada cada 15 minutos.
2026-04-28 16:25:25,639 - root - INFO - Cerrando aplicaciĂłn...
2026-04-28 16:25:25,639 - apscheduler.scheduler - INFO - Scheduler has been shut down
2026-04-30 15:48:09,987 - apscheduler.scheduler - INFO - Scheduler started
2026-04-30 15:48:09,988 - root - INFO - AplicaciĂłn iniciada. MenĂş interactivo listo.
2026-04-30 15:48:17,166 - root - INFO - === INICIANDO CICLO DE ACTUALIZACIĂN ===
2026-04-30 15:48:17,167 - root - INFO - Procesando Toledo (lat=39.8581, lon=-4.0226)
2026-04-30 15:48:17,167 - api_client - INFO - Solicitando datos meteorolĂłgicos para lat=39.8581, lon=-4.0226
2026-04-30 15:48:17,355 - api_client - INFO - Datos normalizados correctamente para Toledo
2026-04-30 15:48:17,356 - root - INFO - Datos recibidos en Toledo: Temp=23.0Â°C
2026-04-30 15:48:17,356 - storage - INFO - 10 registros cargados desde weather.json.
2026-04-30 15:48:17,357 - storage - INFO - Datos guardados correctamente en weather.json. Total registros: 11
2026-04-30 15:48:17,357 - storage - INFO - Nuevo registro aĂąadido: {'date': '2026-04-30T15:48', 'city': 'Toledo', 'temp': 23.0, 'hum': 31, 'wind': 2.8, 'source': 'API_Weather_System'}
2026-04-30 15:48:17,357 - root - INFO - Guardado exitoso para Toledo: Record saved successfully.
2026-04-30 15:48:17,357 - root - INFO - Procesando Ciudad Real (lat=38.9863, lon=-3.9274)
2026-04-30 15:48:17,357 - api_client - INFO - Solicitando datos meteorolĂłgicos para lat=38.9863, lon=-3.9274
2026-04-30 15:48:17,534 - api_client - INFO - Datos normalizados correctamente para Ciudad Real
2026-04-30 15:48:17,535 - root - INFO - Datos recibidos en Ciudad Real: Temp=22.3Â°C
2026-04-30 15:48:17,535 - storage - INFO - 11 registros cargados desde weather.json.
2026-04-30 15:48:17,535 - storage - INFO - Datos guardados correctamente en weather.json. Total registros: 12
2026-04-30 15:48:17,535 - storage - INFO - Nuevo registro aĂąadido: {'date': '2026-04-30T15:48', 'city': 'Ciudad Real', 'temp': 22.3, 'hum': 41, 'wind': 5.6, 'source': 'API_Weather_System'}
2026-04-30 15:48:17,535 - root - INFO - Guardado exitoso para Ciudad Real: Record saved successfully.
2026-04-30 15:48:17,535 - root - INFO - Procesando Albacete (lat=38.9942, lon=-1.8585)
2026-04-30 15:48:17,535 - api_client - INFO - Solicitando datos meteorolĂłgicos para lat=38.9942, lon=-1.8585
2026-04-30 15:48:17,725 - api_client - INFO - Datos normalizados correctamente para Albacete
2026-04-30 15:48:17,726 - root - INFO - Datos recibidos en Albacete: Temp=23.7Â°C
2026-04-30 15:48:17,726 - storage - INFO - 12 registros cargados desde weather.json.
2026-04-30 15:48:17,726 - storage - INFO - Datos guardados correctamente en weather.json. Total registros: 13
2026-04-30 15:48:17,726 - storage - INFO - Nuevo registro aĂąadido: {'date': '2026-04-30T15:48', 'city': 'Albacete', 'temp': 23.7, 'hum': 38, 'wind': 1.3, 'source': 'API_Weather_System'}
2026-04-30 15:48:17,726 - root - INFO - Guardado exitoso para Albacete: Record saved successfully.
2026-04-30 15:48:17,726 - root - INFO - Procesando Guadalajara (lat=40.6333, lon=-3.1667)
2026-04-30 15:48:17,726 - api_client - INFO - Solicitando datos meteorolĂłgicos para lat=40.6333, lon=-3.1667
2026-04-30 15:48:17,921 - api_client - INFO - Datos normalizados correctamente para Guadalajara
2026-04-30 15:48:17,922 - root - INFO - Datos recibidos en Guadalajara: Temp=20.8Â°C
2026-04-30 15:48:17,922 - storage - INFO - 13 registros cargados desde weather.json.
2026-04-30 15:48:17,922 - storage - INFO - Datos guardados correctamente en weather.json. Total registros: 14
2026-04-30 15:48:17,923 - storage - INFO - Nuevo registro aĂąadido: {'date': '2026-04-30T15:48', 'city': 'Guadalajara', 'temp': 20.8, 'hum': 37, 'wind': 8.9, 'source': 'API_Weather_System'}
2026-04-30 15:48:17,923 - root - INFO - Guardado exitoso para Guadalajara: Record saved successfully.
2026-04-30 15:48:17,923 - root - INFO - Procesando Cuenca (lat=40.0714, lon=-2.1348)
2026-04-30 15:48:17,923 - api_client - INFO - Solicitando datos meteorolĂłgicos para lat=40.0714, lon=-2.1348
2026-04-30 15:48:18,114 - api_client - INFO - Datos normalizados correctamente para Cuenca
2026-04-30 15:48:18,115 - root - INFO - Datos recibidos en Cuenca: Temp=20.4Â°C
2026-04-30 15:48:18,115 - storage - INFO - 14 registros cargados desde weather.json.
2026-04-30 15:48:18,115 - storage - INFO - Datos guardados correctamente en weather.json. Total registros: 15
2026-04-30 15:48:18,115 - storage - INFO - Nuevo registro aĂąadido: {'date': '2026-04-30T15:48', 'city': 'Cuenca', 'temp': 20.4, 'hum': 40, 'wind': 13.5, 'source': 'API_Weather_System'}
2026-04-30 15:48:18,115 - root - INFO - Guardado exitoso para Cuenca: Record saved successfully.
2026-04-30 15:48:18,115 - root - INFO - === CICLO DE ACTUALIZACIĂN FINALIZADO ===
2026-04-30 15:48:41,743 - storage - INFO - 15 registros cargados desde weather.json.
2026-04-30 15:49:06,070 - scheduler - INFO - Todas las tareas automĂĄticas han sido canceladas.
2026-04-30 15:49:06,071 - apscheduler.scheduler - INFO - Added job "setup_scheduler.<locals>.<lambda>" to job store "default"
2026-04-30 15:49:06,071 - scheduler - INFO - Tarea programada cada 15 minutos.
2026-04-30 15:49:17,970 - root - INFO - Cerrando aplicaciĂłn...
2026-04-30 15:49:17,970 - apscheduler.scheduler - INFO - Scheduler has been shut down
2026-04-30 15:49:44,796 - apscheduler.scheduler - INFO - Scheduler started
2026-04-30 15:49:44,797 - root - INFO - AplicaciĂłn iniciada. MenĂş interactivo listo.
2026-04-30 15:50:04,962 - root - INFO - === INICIANDO CICLO DE ACTUALIZACIĂN ===
2026-04-30 15:50:04,963 - root - INFO - Procesando Toledo (lat=39.8581, lon=-4.0226)
2026-04-30 15:50:04,963 - api_client - INFO - Solicitando datos meteorolĂłgicos para lat=39.8581, lon=-4.0226
2026-04-30 15:50:06,825 - api_client - INFO - Datos normalizados correctamente para Toledo
2026-04-30 15:50:06,827 - root - INFO - Datos recibidos en Toledo: Temp=23.0Â°C
2026-04-30 15:50:06,827 - storage - INFO - 15 registros cargados desde weather.json.
2026-04-30 15:50:06,827 - storage - INFO - Datos guardados correctamente en weather.json. Total registros: 16
2026-04-30 15:50:06,827 - storage - INFO - Nuevo registro aĂąadido: {'date': '2026-04-30T15:50', 'city': 'Toledo', 'temp': 23.0, 'hum': 31, 'wind': 2.8, 'source': 'API_Weather_System'}
2026-04-30 15:50:06,827 - root - INFO - Guardado exitoso para Toledo: Record saved successfully.
2026-04-30 15:50:06,827 - root - INFO - Procesando Ciudad Real (lat=38.9863, lon=-3.9274)
2026-04-30 15:50:06,827 - api_client - INFO - Solicitando datos meteorolĂłgicos para lat=38.9863, lon=-3.9274
2026-04-30 15:50:08,840 - api_client - INFO - Datos normalizados correctamente para Ciudad Real
2026-04-30 15:50:08,841 - root - INFO - Datos recibidos en Ciudad Real: Temp=22.3Â°C
2026-04-30 15:50:08,841 - storage - INFO - 16 registros cargados desde weather.json.
2026-04-30 15:50:08,841 - storage - INFO - Datos guardados correctamente en weather.json. Total registros: 17
2026-04-30 15:50:08,841 - storage - INFO - Nuevo registro aĂąadido: {'date': '2026-04-30T15:50', 'city': 'Ciudad Real', 'temp': 22.3, 'hum': 41, 'wind': 5.6, 'source': 'API_Weather_System'}
2026-04-30 15:50:08,841 - root - INFO - Guardado exitoso para Ciudad Real: Record saved successfully.
2026-04-30 15:50:08,841 - root - INFO - Procesando Albacete (lat=38.9942, lon=-1.8585)
2026-04-30 15:50:08,841 - api_client - INFO - Solicitando datos meteorolĂłgicos para lat=38.9942, lon=-1.8585
2026-04-30 15:50:12,006 - api_client - INFO - Datos normalizados correctamente para Albacete
2026-04-30 15:50:12,007 - root - INFO - Datos recibidos en Albacete: Temp=23.7Â°C
2026-04-30 15:50:12,007 - storage - INFO - 17 registros cargados desde weather.json.
2026-04-30 15:50:12,007 - storage - INFO - Datos guardados correctamente en weather.json. Total registros: 18
2026-04-30 15:50:12,007 - storage - INFO - Nuevo registro aĂąadido: {'date': '2026-04-30T15:50', 'city': 'Albacete', 'temp': 23.7, 'hum': 38, 'wind': 1.3, 'source': 'API_Weather_System'}
2026-04-30 15:50:12,008 - root - INFO - Guardado exitoso para Albacete: Record saved successfully.
2026-04-30 15:50:12,008 - root - INFO - Procesando Guadalajara (lat=40.6333, lon=-3.1667)
2026-04-30 15:50:12,008 - api_client - INFO - Solicitando datos meteorolĂłgicos para lat=40.6333, lon=-3.1667
2026-04-30 15:50:13,754 - api_client - INFO - Datos normalizados correctamente para Guadalajara
2026-04-30 15:50:13,755 - root - INFO - Datos recibidos en Guadalajara: Temp=20.8Â°C
2026-04-30 15:50:13,755 - storage - INFO - 18 registros cargados desde weather.json.
2026-04-30 15:50:13,755 - storage - INFO - Datos guardados correctamente en weather.json. Total registros: 19
2026-04-30 15:50:13,755 - storage - INFO - Nuevo registro aĂąadido: {'date': '2026-04-30T15:50', 'city': 'Guadalajara', 'temp': 20.8, 'hum': 37, 'wind': 8.9, 'source': 'API_Weather_System'}
2026-04-30 15:50:13,755 - root - INFO - Guardado exitoso para Guadalajara: Record saved successfully.
2026-04-30 15:50:13,755 - root - INFO - Procesando Cuenca (lat=40.0714, lon=-2.1348)
2026-04-30 15:50:13,756 - api_client - INFO - Solicitando datos meteorolĂłgicos para lat=40.0714, lon=-2.1348
2026-04-30 15:50:14,686 - api_client - INFO - Datos normalizados correctamente para Cuenca
2026-04-30 15:50:14,686 - root - INFO - Datos recibidos en Cuenca: Temp=20.4Â°C
2026-04-30 15:50:14,686 - storage - INFO - 19 registros cargados desde weather.json.
2026-04-30 15:50:14,687 - storage - INFO - Datos guardados correctamente en weather.json. Total registros: 20
2026-04-30 15:50:14,687 - storage - INFO - Nuevo registro aĂąadido: {'date': '2026-04-30T15:50', 'city': 'Cuenca', 'temp': 20.4, 'hum': 40, 'wind': 13.5, 'source': 'API_Weather_System'}
2026-04-30 15:50:14,687 - root - INFO - Guardado exitoso para Cuenca: Record saved successfully.
2026-04-30 15:50:14,687 - root - INFO - === CICLO DE ACTUALIZACIĂN FINALIZADO ===
2026-04-30 15:54:31,826 - storage - INFO - 20 registros cargados desde weather.json.
2026-04-30 15:54:37,626 - storage - INFO - 20 registros cargados desde weather.json.
2026-04-30 15:54:41,800 - root - INFO - Cerrando aplicaciĂłn...
2026-04-30 15:54:41,800 - apscheduler.scheduler - INFO - Scheduler has been shut down
2026-04-30 15:54:44,856 - apscheduler.scheduler - INFO - Scheduler started
2026-04-30 15:54:44,856 - root - INFO - AplicaciĂłn iniciada. MenĂş interactivo listo.
2026-04-30 15:54:46,379 - storage - INFO - 20 registros cargados desde weather.json.
2026-04-30 15:55:03,681 - root - INFO - === INICIANDO CICLO DE ACTUALIZACIĂN ===
2026-04-30 15:55:03,681 - root - INFO - Procesando Toledo (lat=39.8581, lon=-4.0226)
2026-04-30 15:55:03,681 - api_client - INFO - Solicitando datos meteorolĂłgicos para lat=39.8581, lon=-4.0226
2026-04-30 15:55:03,876 - api_client - INFO - Datos normalizados correctamente para Toledo
2026-04-30 15:55:03,877 - root - INFO - Datos recibidos en Toledo: Temp=23.0Â°C
2026-04-30 15:55:03,877 - storage - INFO - 20 registros cargados desde weather.json.
2026-04-30 15:55:03,877 - storage - INFO - Datos guardados correctamente en weather.json. Total registros: 21
2026-04-30 15:55:03,877 - storage - INFO - Nuevo registro aĂąadido: {'date': '2026-04-30T15:55', 'city': 'Toledo', 'temp': 23.0, 'hum': 31, 'wind': 2.8, 'source': 'API_Weather_System'}
2026-04-30 15:55:03,877 - root - INFO - Guardado exitoso para Toledo: Record saved successfully.
2026-04-30 15:55:03,878 - root - INFO - Procesando Ciudad Real (lat=38.9863, lon=-3.9274)
2026-04-30 15:55:03,878 - api_client - INFO - Solicitando datos meteorolĂłgicos para lat=38.9863, lon=-3.9274
2026-04-30 15:55:04,059 - api_client - INFO - Datos normalizados correctamente para Ciudad Real
2026-04-30 15:55:04,060 - root - INFO - Datos recibidos en Ciudad Real: Temp=22.3Â°C
2026-04-30 15:55:04,060 - storage - INFO - 21 registros cargados desde weather.json.
2026-04-30 15:55:04,061 - storage - INFO - Datos guardados correctamente en weather.json. Total registros: 22
2026-04-30 15:55:04,061 - storage - INFO - Nuevo registro aĂąadido: {'date': '2026-04-30T15:55', 'city': 'Ciudad Real', 'temp': 22.3, 'hum': 41, 'wind': 5.6, 'source': 'API_Weather_System'}
2026-04-30 15:55:04,061 - root - INFO - Guardado exitoso para Ciudad Real: Record saved successfully.
2026-04-30 15:55:04,061 - root - INFO - Procesando Albacete (lat=38.9942, lon=-1.8585)
2026-04-30 15:55:04,061 - api_client - INFO - Solicitando datos meteorolĂłgicos para lat=38.9942, lon=-1.8585
2026-04-30 15:55:04,239 - api_client - INFO - Datos normalizados correctamente para Albacete
2026-04-30 15:55:04,240 - root - INFO - Datos recibidos en Albacete: Temp=23.7Â°C
2026-04-30 15:55:04,240 - storage - INFO - 22 registros cargados desde weather.json.
2026-04-30 15:55:04,240 - storage - INFO - Datos guardados correctamente en weather.json. Total registros: 23
2026-04-30 15:55:04,240 - storage - INFO - Nuevo registro aĂąadido: {'date': '2026-04-30T15:55', 'city': 'Albacete', 'temp': 23.7, 'hum': 38, 'wind': 1.3, 'source': 'API_Weather_System'}
2026-04-30 15:55:04,240 - root - INFO - Guardado exitoso para Albacete: Record saved successfully.
2026-04-30 15:55:04,241 - root - INFO - Procesando Guadalajara (lat=40.6333, lon=-3.1667)
2026-04-30 15:55:04,241 - api_client - INFO - Solicitando datos meteorolĂłgicos para lat=40.6333, lon=-3.1667
2026-04-30 15:55:04,422 - api_client - INFO - Datos normalizados correctamente para Guadalajara
2026-04-30 15:55:04,423 - root - INFO - Datos recibidos en Guadalajara: Temp=20.8Â°C
2026-04-30 15:55:04,423 - storage - INFO - 23 registros cargados desde weather.json.
2026-04-30 15:55:04,423 - storage - INFO - Datos guardados correctamente en weather.json. Total registros: 24
2026-04-30 15:55:04,423 - storage - INFO - Nuevo registro aĂąadido: {'date': '2026-04-30T15:55', 'city': 'Guadalajara', 'temp': 20.8, 'hum': 37, 'wind': 8.9, 'source': 'API_Weather_System'}
2026-04-30 15:55:04,423 - root - INFO - Guardado exitoso para Guadalajara: Record saved successfully.
2026-04-30 15:55:04,423 - root - INFO - Procesando Cuenca (lat=40.0714, lon=-2.1348)
2026-04-30 15:55:04,423 - api_client - INFO - Solicitando datos meteorolĂłgicos para lat=40.0714, lon=-2.1348
2026-04-30 15:55:04,600 - api_client - INFO - Datos normalizados correctamente para Cuenca
2026-04-30 15:55:04,600 - root - INFO - Datos recibidos en Cuenca: Temp=20.4Â°C
2026-04-30 15:55:04,600 - storage - INFO - 24 registros cargados desde weather.json.
2026-04-30 15:55:04,601 - storage - INFO - Datos guardados correctamente en weather.json. Total registros: 25
2026-04-30 15:55:04,601 - storage - INFO - Nuevo registro aĂąadido: {'date': '2026-04-30T15:55', 'city': 'Cuenca', 'temp': 20.4, 'hum': 40, 'wind': 13.5, 'source': 'API_Weather_System'}
2026-04-30 15:55:04,601 - root - INFO - Guardado exitoso para Cuenca: Record saved successfully.
2026-04-30 15:55:04,601 - root - INFO - === CICLO DE ACTUALIZACIĂN FINALIZADO ===
2026-04-30 15:55:18,541 - storage - INFO - 25 registros cargados desde weather.json.
2026-05-02 23:32:36,275 - storage - INFO - Archivo creado automáticamente: C:\Users\mdura\Desktop\Proyecto 2\Bootcamp_Proyecto_2_WeatherLy\data\weather.json
2026-05-02 23:32:36,278 - storage - INFO - Archivo creado automáticamente: C:\Users\mdura\Desktop\Proyecto 2\Bootcamp_Proyecto_2_WeatherLy\data\alerts.json
2026-05-02 23:32:36,312 - apscheduler.scheduler - INFO - Scheduler started
2026-05-02 23:32:36,321 - root - INFO - Aplicación iniciada. Menú interactivo listo.
2026-05-02 23:32:39,670 - storage - INFO - 0 registros cargados desde C:\Users\mdura\Desktop\Proyecto 2\Bootcamp_Proyecto_2_WeatherLy\data\weather.json.
2026-05-02 23:32:39,678 - storage - INFO - 0 registros cargados desde C:\Users\mdura\Desktop\Proyecto 2\Bootcamp_Proyecto_2_WeatherLy\data\weather.json.
2026-05-02 23:32:39,704 - storage - INFO - 0 registros cargados desde C:\Users\mdura\Desktop\Proyecto 2\Bootcamp_Proyecto_2_WeatherLy\data\weather.json.
2026-05-02 23:32:39,718 - storage - INFO - 0 registros cargados desde C:\Users\mdura\Desktop\Proyecto 2\Bootcamp_Proyecto_2_WeatherLy\data\weather.json.
2026-05-02 23:32:39,875 - storage - INFO - 0 registros cargados desde C:\Users\mdura\Desktop\Proyecto 2\Bootcamp_Proyecto_2_WeatherLy\data\weather.json.
2026-05-03 00:05:10,580 - root - INFO - Interrupción detectada. Apagando sistema...
2026-05-03 00:05:10,608 - apscheduler.scheduler - INFO - Scheduler has been shut down
